<?xml version="1.0" encoding="UTF-8"?>
<!-- Generated by org.testng.reporters.JUnitReportReporter -->
<testsuite hostname="DESKTOP-KLJ4M8L" failures="0" tests="7" name="org.shark.boot02.ApplicationTests" time="1.046" errors="0" timestamp="2025-09-15T17:08:19 KST" skipped="0">
  <testcase classname="org.shark.boot02.ApplicationTests" name="contextLoads" time="0.018"/>
  <testcase classname="org.shark.boot02.ApplicationTests" name="nowTest" time="0.080"/>
  <testcase classname="org.shark.boot02.ApplicationTests" name="boardListTest" time="0.019"/>
  <testcase classname="org.shark.boot02.ApplicationTests" name="boardDetailTest" time="0.010"/>
  <testcase classname="org.shark.boot02.ApplicationTests" name="boardInsertTest" time="0.891"/>
  <testcase classname="org.shark.boot02.ApplicationTests" name="boardUpdateTest" time="0.016"/>
  <testcase classname="org.shark.boot02.ApplicationTests" name="boardDeleteTest" time="0.012"/>
</testsuite> <!-- org.shark.boot02.ApplicationTests -->
